<?xml version="1.0" encoding="UTF-8"?>
<testng-results ignored="0" total="4" passed="4" failed="0" skipped="0">
  <reporter-output>
  </reporter-output>
  <suite started-at="2023-04-15T15:14:51 IST" name="Suite" finished-at="2023-04-15T15:18:35 IST" duration-ms="223167">
    <groups>
    </groups>
    <test started-at="2023-04-15T15:14:51 IST" name="Test" finished-at="2023-04-15T15:18:35 IST" duration-ms="223167">
      <class name="testPackage.DivisionTest">
        <test-method is-config="true" signature="setUp()[pri:0, instance:testPackage.DivisionTest@52b1beb6]" started-at="2023-04-15T15:14:51 IST" name="setUp" finished-at="2023-04-15T15:15:36 IST" duration-ms="44445" status="PASS">
          <reporter-output>
          </reporter-output>
        </test-method> <!-- setUp -->
        <test-method signature="testMultiplication()[pri:0, instance:testPackage.DivisionTest@52b1beb6]" started-at="2023-04-15T15:15:36 IST" name="testMultiplication" finished-at="2023-04-15T15:16:03 IST" duration-ms="27183" status="PASS">
          <reporter-output>
          </reporter-output>
        </test-method> <!-- testMultiplication -->
        <test-method is-config="true" signature="tearDown()[pri:0, instance:testPackage.DivisionTest@52b1beb6]" started-at="2023-04-15T15:16:03 IST" name="tearDown" finished-at="2023-04-15T15:16:05 IST" duration-ms="1912" status="PASS">
          <reporter-output>
          </reporter-output>
        </test-method> <!-- tearDown -->
      </class> <!-- testPackage.DivisionTest -->
      <class name="testPackage.SubtractionTest">
        <test-method is-config="true" signature="setUp()[pri:0, instance:testPackage.SubtractionTest@f0c8a99]" started-at="2023-04-15T15:16:05 IST" name="setUp" finished-at="2023-04-15T15:16:17 IST" duration-ms="11969" status="PASS">
          <reporter-output>
          </reporter-output>
        </test-method> <!-- setUp -->
        <test-method signature="testMultiplication()[pri:0, instance:testPackage.SubtractionTest@f0c8a99]" started-at="2023-04-15T15:16:17 IST" name="testMultiplication" finished-at="2023-04-15T15:16:57 IST" duration-ms="39887" status="PASS">
          <reporter-output>
          </reporter-output>
        </test-method> <!-- testMultiplication -->
        <test-method is-config="true" signature="tearDown()[pri:0, instance:testPackage.SubtractionTest@f0c8a99]" started-at="2023-04-15T15:16:57 IST" name="tearDown" finished-at="2023-04-15T15:16:59 IST" duration-ms="2411" status="PASS">
          <reporter-output>
          </reporter-output>
        </test-method> <!-- tearDown -->
      </class> <!-- testPackage.SubtractionTest -->
      <class name="testPackage.AdditionTest">
        <test-method is-config="true" signature="setUp()[pri:0, instance:testPackage.AdditionTest@740cae06]" started-at="2023-04-15T15:16:59 IST" name="setUp" finished-at="2023-04-15T15:17:26 IST" duration-ms="26996" status="PASS">
          <reporter-output>
          </reporter-output>
        </test-method> <!-- setUp -->
        <test-method signature="testMultiplication()[pri:0, instance:testPackage.AdditionTest@740cae06]" started-at="2023-04-15T15:17:26 IST" name="testMultiplication" finished-at="2023-04-15T15:18:03 IST" duration-ms="36709" status="PASS">
          <reporter-output>
          </reporter-output>
        </test-method> <!-- testMultiplication -->
        <test-method is-config="true" signature="tearDown()[pri:0, instance:testPackage.AdditionTest@740cae06]" started-at="2023-04-15T15:18:03 IST" name="tearDown" finished-at="2023-04-15T15:18:04 IST" duration-ms="1251" status="PASS">
          <reporter-output>
          </reporter-output>
        </test-method> <!-- tearDown -->
      </class> <!-- testPackage.AdditionTest -->
      <class name="testPackage.MultiplicationTest">
        <test-method is-config="true" signature="setUp()[pri:0, instance:testPackage.MultiplicationTest@26d9b808]" started-at="2023-04-15T15:18:04 IST" name="setUp" finished-at="2023-04-15T15:18:15 IST" duration-ms="10644" status="PASS">
          <reporter-output>
          </reporter-output>
        </test-method> <!-- setUp -->
        <test-method signature="testMultiplication()[pri:0, instance:testPackage.MultiplicationTest@26d9b808]" started-at="2023-04-15T15:18:15 IST" name="testMultiplication" finished-at="2023-04-15T15:18:34 IST" duration-ms="19080" status="PASS">
          <reporter-output>
          </reporter-output>
        </test-method> <!-- testMultiplication -->
        <test-method is-config="true" signature="tearDown()[pri:0, instance:testPackage.MultiplicationTest@26d9b808]" started-at="2023-04-15T15:18:34 IST" name="tearDown" finished-at="2023-04-15T15:18:35 IST" duration-ms="565" status="PASS">
          <reporter-output>
          </reporter-output>
        </test-method> <!-- tearDown -->
      </class> <!-- testPackage.MultiplicationTest -->
    </test> <!-- Test -->
  </suite> <!-- Suite -->
</testng-results>
