<?xml version="1.0" encoding="UTF-8"?>
<!-- Generated by org.testng.reporters.JUnitXMLReporter -->
<testsuite ignored="0" hostname="LAPTOP-3MCIK2FB" failures="0" tests="4" name="Test" time="223.167" errors="0" timestamp="2023-04-15T15:18:35 IST">
  <testcase classname="testPackage.DivisionTest" name="testMultiplication" time="27.183"/>
  <testcase classname="testPackage.SubtractionTest" name="testMultiplication" time="39.887"/>
  <testcase classname="testPackage.AdditionTest" name="testMultiplication" time="36.709"/>
  <testcase classname="testPackage.MultiplicationTest" name="testMultiplication" time="19.08"/>
</testsuite> <!-- Test -->
